<?xml version="1.0" encoding="UTF-8"?>
<!-- Generated by org.testng.reporters.JUnitReportReporter -->
<testsuite skipped="0" hostname="DESKTOP-F4KJESH" name="SampleTest2" tests="3" failures="0" timestamp="2021-12-06T13:00:22 IST" time="40.178" errors="0">
  <testcase name="login" time="12.698" classname="SampleTest2"/>
  <system-out/>
  <testcase name="login" time="12.191" classname="SampleTest2"/>
  <system-out/>
  <testcase name="login" time="15.289" classname="SampleTest2"/>
  <system-out/>
</testsuite> <!-- SampleTest2 -->
