<?xml version="1.0" encoding="UTF-8"?>
<!-- Generated by org.testng.reporters.JUnitReportReporter -->
<testsuite skipped="0" hostname="DESKTOP-F4KJESH" name="SampleTest" tests="3" failures="0" timestamp="2021-12-06T13:00:22 IST" time="53.831" errors="0">
  <testcase name="login" time="16.701" classname="SampleTest"/>
  <system-out/>
  <testcase name="login" time="13.085" classname="SampleTest"/>
  <system-out/>
  <testcase name="login" time="24.045" classname="SampleTest"/>
  <system-out/>
</testsuite> <!-- SampleTest -->
